c:\users\luca\documents\github\zelu-engine\zeluengine\debug\vc120.pdb
c:\users\luca\documents\github\zelu-engine\zeluengine\debug\vc120.idb
c:\users\luca\documents\github\zelu-engine\zeluengine\debug\gridlines.nativecodeanalysis.xml
c:\users\luca\documents\github\zelu-engine\zeluengine\debug\originlines.nativecodeanalysis.xml
c:\users\luca\documents\github\zelu-engine\zeluengine\debug\renderphaseaction.nativecodeanalysis.xml
c:\users\luca\documents\github\zelu-engine\zeluengine\debug\texturedrenderhandler.nativecodeanalysis.xml
c:\users\luca\documents\github\zelu-engine\zeluengine\debug\triangle.nativecodeanalysis.xml
c:\users\luca\documents\github\zelu-engine\zeluengine\debug\actor.nativecodeanalysis.xml
c:\users\luca\documents\github\zelu-engine\zeluengine\debug\camera.nativecodeanalysis.xml
c:\users\luca\documents\github\zelu-engine\zeluengine\debug\engineaction.nativecodeanalysis.xml
c:\users\luca\documents\github\zelu-engine\zeluengine\debug\fileutils.nativecodeanalysis.xml
c:\users\luca\documents\github\zelu-engine\zeluengine\debug\matrixutils.nativecodeanalysis.xml
c:\users\luca\documents\github\zelu-engine\zeluengine\debug\model.nativecodeanalysis.xml
c:\users\luca\documents\github\zelu-engine\zeluengine\debug\modelfactory.nativecodeanalysis.xml
c:\users\luca\documents\github\zelu-engine\zeluengine\debug\shaderprogram.nativecodeanalysis.xml
c:\users\luca\documents\github\zelu-engine\zeluengine\debug\shaderfactory.nativecodeanalysis.xml
c:\users\luca\documents\github\zelu-engine\zeluengine\debug\zeluengine.nativecodeanalysis.xml
c:\users\luca\documents\github\zelu-engine\zeluengine\debug\zeluenginecontext.nativecodeanalysis.xml
c:\users\luca\documents\github\zelu-engine\zeluengine\debug\main.nativecodeanalysis.xml
c:\users\luca\documents\github\zelu-engine\zeluengine\debug\main.obj
c:\users\luca\documents\github\zelu-engine\zeluengine\debug\zeluenginecontext.obj
c:\users\luca\documents\github\zelu-engine\zeluengine\debug\zeluengine.obj
c:\users\luca\documents\github\zelu-engine\zeluengine\debug\shaderfactory.obj
c:\users\luca\documents\github\zelu-engine\zeluengine\debug\shaderprogram.obj
c:\users\luca\documents\github\zelu-engine\zeluengine\debug\modelfactory.obj
c:\users\luca\documents\github\zelu-engine\zeluengine\debug\model.obj
c:\users\luca\documents\github\zelu-engine\zeluengine\debug\matrixutils.obj
c:\users\luca\documents\github\zelu-engine\zeluengine\debug\fileutils.obj
c:\users\luca\documents\github\zelu-engine\zeluengine\debug\engineaction.obj
c:\users\luca\documents\github\zelu-engine\zeluengine\debug\camera.obj
c:\users\luca\documents\github\zelu-engine\zeluengine\debug\actor.obj
c:\users\luca\documents\github\zelu-engine\zeluengine\debug\triangle.obj
c:\users\luca\documents\github\zelu-engine\zeluengine\debug\texturedrenderhandler.obj
c:\users\luca\documents\github\zelu-engine\zeluengine\debug\renderphaseaction.obj
c:\users\luca\documents\github\zelu-engine\zeluengine\debug\originlines.obj
c:\users\luca\documents\github\zelu-engine\zeluengine\debug\gridlines.obj
c:\users\luca\documents\github\zelu-engine\zeluengine\debug\inputhandler.obj
c:\users\luca\documents\github\zelu-engine\zeluengine\build\debug\zeluengine.ilk
c:\users\luca\documents\github\zelu-engine\zeluengine\build\debug\zeluengine.exe
c:\users\luca\documents\github\zelu-engine\zeluengine\build\debug\zeluengine.pdb
c:\users\luca\documents\github\zelu-engine\zeluengine\debug\nativecodeanalysis.read.1.tlog
c:\users\luca\documents\github\zelu-engine\zeluengine\debug\vc.nativecodeanalysis.all.xml
c:\users\luca\documents\github\zelu-engine\\zeluengine\build\debug\zeluengine.pdb
c:\users\luca\documents\github\zelu-engine\\zeluengine\build\debug\zeluengine.exe.lastcodeanalysissucceeded
c:\users\luca\documents\github\zelu-engine\zeluengine\debug\zeluengine.tlog\cl.command.1.tlog
c:\users\luca\documents\github\zelu-engine\zeluengine\debug\zeluengine.tlog\cl.read.1.tlog
c:\users\luca\documents\github\zelu-engine\zeluengine\debug\zeluengine.tlog\cl.write.1.tlog
c:\users\luca\documents\github\zelu-engine\zeluengine\debug\zeluengine.tlog\link.7480-cvtres.read.1.tlog
c:\users\luca\documents\github\zelu-engine\zeluengine\debug\zeluengine.tlog\link.7480-cvtres.write.1.tlog
c:\users\luca\documents\github\zelu-engine\zeluengine\debug\zeluengine.tlog\link.7480-rc.read.1.tlog
c:\users\luca\documents\github\zelu-engine\zeluengine\debug\zeluengine.tlog\link.7480-rc.write.1.tlog
c:\users\luca\documents\github\zelu-engine\zeluengine\debug\zeluengine.tlog\link.7480.read.1.tlog
c:\users\luca\documents\github\zelu-engine\zeluengine\debug\zeluengine.tlog\link.7480.write.1.tlog
c:\users\luca\documents\github\zelu-engine\zeluengine\debug\zeluengine.tlog\link.command.1.tlog
c:\users\luca\documents\github\zelu-engine\zeluengine\debug\zeluengine.tlog\link.read.1.tlog
c:\users\luca\documents\github\zelu-engine\zeluengine\debug\zeluengine.tlog\link.write.1.tlog
